LABELS:                           file     reads1   filtered   unique  pct
RESULT:                     T0_S1_L003    3848338    3586130   485805   93
LABELS:                           file     reads1   filtered   unique  pct
RESULT:                     T0_S1_L002    3896567    3632206   461566   93
LABELS:                           file     reads1   filtered   unique  pct
RESULT:                     T0_S1_L004    3946018    3677700   478785   93
LABELS:                           file     reads1   filtered   unique  pct
RESULT:                     T0_S1_L001    4365973    4069472   499611   93
LABELS:                           file     reads1   filtered   unique  pct
RESULT:            T12-No-Facs_S2_L003    4366976    4113446   570497   94
LABELS:                           file     reads1   filtered   unique  pct
RESULT:            T12-No-Facs_S2_L002    4414180    4158247   547282   94
LABELS:                           file     reads1   filtered   unique  pct
RESULT:            T12-No-Facs_S2_L004    4469699    4210728   562650   94
LABELS:                           file     reads1   filtered   unique  pct
RESULT:            T12-No-Facs_S2_L001    4988728    4699760   593961   94
LABELS:                           file     reads1   filtered   unique  pct
RESULT:                5-Upper_S3_L002    6876786    6377211   693954   92
LABELS:                           file     reads1   filtered   unique  pct
RESULT:                5-Upper_S3_L003    6926781    6416131   747434   92
LABELS:                           file     reads1   filtered   unique  pct
RESULT:                5-Upper_S3_L001    6998564    6488104   709275   92
LABELS:                           file     reads1   filtered   unique  pct
RESULT:                5-Upper_S3_L004    6937687    6429237   721627   92
LABELS:                           file     reads1   filtered   unique  pct
RESULT:                5-Lower_S4_L001    7513292    6974644   792611   92
LABELS:                           file     reads1   filtered   unique  pct
RESULT:                5-Lower_S4_L002    7389340    6862182   779272   92
LABELS:                           file     reads1   filtered   unique  pct
RESULT:                5-Lower_S4_L004    7420780    6886773   803254   92
LABELS:                           file     reads1   filtered   unique  pct
RESULT:                5-Lower_S4_L003    7428498    6889033   830974   92
